<?xml version="1.0" encoding="UTF-8"?>
<!-- Generated by org.testng.reporters.JUnitXMLReporter -->
<testsuite hostname="nkosy-Presario-CQ57-Notebook-PC" tests="4" failures="0" timestamp="28 Feb 2014 14:38:36 GMT" time="1.9" errors="0">
  <testcase name="TestMaintainElevator" time="0.01" classname="TestProjectFigo"/>
  <testcase name="TestPrintDetails" time="0.001" classname="TestProjectStrathavon"/>
  <testcase name="testDisplayTenants" time="0.001" classname="TestTMImpl"/>
  <testcase name="TestManageTenants" time="0.0" classname="TestTmanagement"/>
</testsuite>
