<?xml version="1.0" encoding="UTF-8"?>
<!-- Generated by org.testng.reporters.JUnitXMLReporter -->
<testsuite hostname="nkosy-Presario-CQ57-Notebook-PC" tests="11" failures="1" timestamp="1 Mar 2014 21:06:18 GMT" time="3.271" errors="0">
  <testcase name="TestMaintainElevator" time="0.015" classname="TestAlfaProjects"/>
  <testcase name="TestPaintArea" time="0.0" classname="TestEavesOverHang"/>
  <testcase name="TestPaintArea" time="0.004" classname="TestEavesOverHang2"/>
  <testcase name="TestMaintainElevator" time="0.001" classname="TestMaintainBldB"/>
  <testcase name="TestMaintainElevator" time="0.012" classname="TestMaintainBlds2_1"/>
  <testcase name="TestMaintainElevator" time="0.001" classname="TestMaintainProjectFigo"/>
  <testcase name="TestMaintainElevator" time="0.003" classname="TestProjectFigo"/>
  <testcase name="TestPrintDetails" time="0.007" classname="TestProjectStrathavon"/>
  <testcase name="testPrintReport" time="0.003" classname="TestReport">
    <failure type="java.lang.NullPointerException">
      <![CDATA[java.lang.NullPointerException
	at com.mycompany.bulidingManagement.PLK.Violation.Service.Implementation.Report.PrintReport(Report.java:25)
	at TestReport.testPrintReport(TestReport.java:37)
... Removed 34 stack frames]]>
    </failure>
  </testcase> <!-- testPrintReport -->
  <testcase name="testDisplayTenants" time="0.003" classname="TestTMImpl"/>
  <testcase name="TestManageTenants" time="0.012" classname="TestTmanagement"/>
</testsuite>
