-------------------------------------------------------------------------------
Test set: TestSuite
-------------------------------------------------------------------------------
Tests run: 11, Failures: 1, Errors: 0, Skipped: 0, Time elapsed: 4.609 sec <<< FAILURE!
testPrintReport(TestReport)  Time elapsed: 0.011 sec  <<< FAILURE!
java.lang.NullPointerException
	at com.mycompany.bulidingManagement.PLK.Violation.Service.Implementation.Report.PrintReport(Report.java:25)
	at TestReport.testPrintReport(TestReport.java:37)
