<?xml version="1.0" encoding="UTF-8"?>
<testng-results skipped="0" failed="0" total="1" passed="1">
  <reporter-output>
  </reporter-output>
  <suite name="TestEavesOverHang2" duration-ms="1502" started-at="2014-02-28T15:19:16Z" finished-at="2014-02-28T15:19:17Z">
    <groups>
    </groups>
    <test name="Command line test" duration-ms="1502" started-at="2014-02-28T15:19:16Z" finished-at="2014-02-28T15:19:17Z">
      <class name="TestEavesOverHang2">
        <test-method status="PASS" signature="setUpClass()[pri:0, instance:TestEavesOverHang2@149fa1e]" name="setUpClass" is-config="true" duration-ms="1459" started-at="2014-02-28T17:19:16Z" finished-at="2014-02-28T17:19:17Z">
          <reporter-output>
          </reporter-output>
        </test-method> <!-- setUpClass -->
        <test-method status="PASS" signature="setUpMethod()[pri:0, instance:TestEavesOverHang2@149fa1e]" name="setUpMethod" is-config="true" duration-ms="1" started-at="2014-02-28T17:19:17Z" finished-at="2014-02-28T17:19:17Z">
          <reporter-output>
          </reporter-output>
        </test-method> <!-- setUpMethod -->
        <test-method status="PASS" signature="TestPaintArea()[pri:0, instance:TestEavesOverHang2@149fa1e]" name="TestPaintArea" duration-ms="9" started-at="2014-02-28T17:19:17Z" finished-at="2014-02-28T17:19:17Z">
          <reporter-output>
          </reporter-output>
        </test-method> <!-- TestPaintArea -->
        <test-method status="PASS" signature="tearDownMethod()[pri:0, instance:TestEavesOverHang2@149fa1e]" name="tearDownMethod" is-config="true" duration-ms="1" started-at="2014-02-28T17:19:17Z" finished-at="2014-02-28T17:19:17Z">
          <reporter-output>
          </reporter-output>
        </test-method> <!-- tearDownMethod -->
        <test-method status="PASS" signature="tearDownClass()[pri:0, instance:TestEavesOverHang2@149fa1e]" name="tearDownClass" is-config="true" duration-ms="1" started-at="2014-02-28T17:19:17Z" finished-at="2014-02-28T17:19:17Z">
          <reporter-output>
          </reporter-output>
        </test-method> <!-- tearDownClass -->
      </class> <!-- TestEavesOverHang2 -->
    </test> <!-- Command line test -->
  </suite> <!-- TestEavesOverHang2 -->
</testng-results>
