<?xml version="1.0" encoding="UTF-8" ?>
<testsuite failures="1" time="4.608" errors="0" skipped="0" tests="11" name="TestSuite">
  <properties>
[...]
</properties>
  <testcase time="0.012" classname="TestAlfaProjects" name="TestMaintainElevator"/>
  <testcase time="0" classname="TestEavesOverHang" name="TestPaintArea"/>
  <testcase time="0.004" classname="TestEavesOverHang2" name="TestPaintArea"/>
  <testcase time="0" classname="TestMaintainBldB" name="TestMaintainElevator"/>
  <testcase time="0.011" classname="TestMaintainBlds2_1" name="TestMaintainElevator"/>
  <testcase time="0.002" classname="TestMaintainProjectFigo" name="TestMaintainElevator"/>
  <testcase time="0.002" classname="TestProjectFigo" name="TestMaintainElevator"/>
  <testcase time="0.006" classname="TestProjectStrathavon" name="TestPrintDetails"/>
  <testcase time="0.011" classname="TestReport" name="testPrintReport">
    <failure type="java.lang.NullPointerException">java.lang.NullPointerException
	at com.mycompany.bulidingManagement.PLK.Violation.Service.Implementation.Report.PrintReport(Report.java:25)
	at TestReport.testPrintReport(TestReport.java:37)
</failure>
    <system-err>Mar 01, 2014 11:06:18 PM org.springframework.context.support.AbstractApplicationContext prepareRefresh
INFO: Refreshing org.springframework.context.annotation.AnnotationConfigApplicationContext@9ed343: startup date [Sat Mar 01 23:06:18 SAST 2014]; root of context hierarchy
</system-err>
  </testcase>
  <testcase time="0.003" classname="TestTMImpl" name="testDisplayTenants"/>
  <testcase time="0.011" classname="TestTmanagement" name="TestManageTenants"/>
</testsuite>