<?xml version="1.0" encoding="UTF-8"?>
<!-- Generated by org.testng.reporters.JUnitXMLReporter -->
<testsuite hostname="nkosy-Presario-CQ57-Notebook-PC" tests="1" failures="1" timestamp="1 Mar 2014 21:13:07 GMT" time="1.633" errors="0">
  <testcase name="testPrintReport" time="0.005" classname="TestReport">
    <failure type="java.lang.NullPointerException">
      <![CDATA[java.lang.NullPointerException
	at com.mycompany.bulidingManagement.PLK.Violation.Service.Implementation.Report.PrintReport(Report.java:26)
	at TestReport.testPrintReport(TestReport.java:37)
... Removed 33 stack frames]]>
    </failure>
  </testcase> <!-- testPrintReport -->
</testsuite>
